{"L":"info","T":"2026/06/11 19:11:04.781477+0800","C":"node/node.go:113","M":"组件启动完成"}
{"L":"info","T":"2026/06/11 19:11:04.782508+0800","C":"node/node.go:116","M":"触发生命周期回调","hook":"AfterStart"}
{"L":"info","T":"2026/06/11 19:11:04.798966+0800","C":"node/node.go:122","M":"等待退出信号","signals":["SIGINT","SIGQUIT","SIGKILL","SIGTERM"]}
{"L":"info","T":"2026/06/11 19:11:14.804083+0800","C":"node/node.go:46","M":"加载全局配置完成","path":"config.yaml"}
{"L":"info","T":"2026/06/11 19:11:14.804083+0800","C":"node/node.go:63","M":"节点初始化完成","path":"config.yaml","component_count":5}
{"L":"info","T":"2026/06/11 19:11:14.806124+0800","C":"node/node.go:87","M":"节点启动流程开始","node_id":"","component_count":5}
{"L":"info","T":"2026/06/11 19:11:14.806124+0800","C":"node/node.go:93","M":"触发生命周期回调","hook":"BeforeStart"}
{"L":"info","T":"2026/06/11 19:11:14.806124+0800","C":"node/node.go:107","M":"组件注册完成","registered":5}
{"L":"info","T":"2026/06/11 19:11:14.808912+0800","C":"node/node.go:113","M":"组件启动完成"}
{"L":"info","T":"2026/06/11 19:11:14.809419+0800","C":"node/node.go:116","M":"触发生命周期回调","hook":"AfterStart"}
{"L":"info","T":"2026/06/11 19:11:14.818143+0800","C":"node/node.go:122","M":"等待退出信号","signals":["SIGINT","SIGQUIT","SIGKILL","SIGTERM"]}
{"L":"info","T":"2026/06/11 19:12:29.506317+0800","C":"node/node.go:127","M":"组件启动完成"}
{"L":"info","T":"2026/06/11 19:12:29.506317+0800","C":"node/node.go:130","M":"触发生命周期回调","hook":"AfterStart"}
{"L":"info","T":"2026/06/11 19:12:29.517746+0800","C":"node/node.go:138","M":"节点停止流程开始","node_id":""}
{"L":"info","T":"2026/06/11 19:12:29.517746+0800","C":"node/node.go:141","M":"触发生命周期回调","hook":"BeforeStop"}
{"L":"info","T":"2026/06/11 19:12:29.520184+0800","C":"node/node.go:149","M":"组件停止完成"}
{"L":"info","T":"2026/06/11 19:12:29.520184+0800","C":"node/node.go:153","M":"触发生命周期回调","hook":"AfterStop"}
{"L":"info","T":"2026/06/11 19:12:29.520184+0800","C":"node/node.go:156","M":"节点停止流程结束"}
{"L":"info","T":"2026/06/11 19:12:29.525173+0800","C":"node/node.go:46","M":"加载全局配置完成","path":"config.yaml"}
{"L":"info","T":"2026/06/11 19:12:29.525173+0800","C":"node/node.go:63","M":"节点初始化完成","path":"config.yaml","component_count":5}
{"L":"info","T":"2026/06/11 19:12:29.525173+0800","C":"node/node.go:101","M":"节点启动流程开始","node_id":"","component_count":5}
{"L":"info","T":"2026/06/11 19:12:29.525173+0800","C":"node/node.go:107","M":"触发生命周期回调","hook":"BeforeStart"}
{"L":"info","T":"2026/06/11 19:12:29.525173+0800","C":"node/node.go:121","M":"组件注册完成","registered":5}
{"L":"info","T":"2026/06/11 19:12:29.526238+0800","C":"node/node.go:127","M":"组件启动完成"}
{"L":"info","T":"2026/06/11 19:12:29.526761+0800","C":"node/node.go:130","M":"触发生命周期回调","hook":"AfterStart"}
{"L":"info","T":"2026/06/11 19:12:29.536385+0800","C":"node/node.go:138","M":"节点停止流程开始","node_id":""}
{"L":"info","T":"2026/06/11 19:12:29.536385+0800","C":"node/node.go:141","M":"触发生命周期回调","hook":"BeforeStop"}
{"L":"info","T":"2026/06/11 19:12:29.539667+0800","C":"node/node.go:149","M":"组件停止完成"}
{"L":"info","T":"2026/06/11 19:12:29.539667+0800","C":"node/node.go:153","M":"触发生命周期回调","hook":"AfterStop"}
{"L":"info","T":"2026/06/11 19:12:29.539667+0800","C":"node/node.go:156","M":"节点停止流程结束"}
